mode: set
demo-company/modules/zookeeper/zookeeper.go:16.16,23.16 3 1
demo-company/modules/zookeeper/zookeeper.go:27.2,51.61 17 1
demo-company/modules/zookeeper/zookeeper.go:23.16,25.13 2 0
demo-company/controllers/branch.go:13.41,22.16 3 1
demo-company/controllers/branch.go:27.2,30.8 1 1
demo-company/controllers/branch.go:22.16,24.3 1 0
demo-company/config/env_keys.go:35.16,39.2 1 1
demo-company/config/env_keys.go:42.20,44.2 1 1
demo-company/dao/company.go:14.72,23.2 3 1
demo-company/dao/company.go:26.73,37.2 3 1
demo-company/dao/company.go:40.70,49.2 3 0
demo-company/proto/models/company/company.pb.go:44.32,46.29 2 0
demo-company/proto/models/company/company.pb.go:46.29,50.3 3 0
demo-company/proto/models/company/company.pb.go:53.40,55.2 1 0
demo-company/proto/models/company/company.pb.go:57.38,57.39 0 0
demo-company/proto/models/company/company.pb.go:59.60,61.41 2 0
demo-company/proto/models/company/company.pb.go:68.2,68.24 1 0
demo-company/proto/models/company/company.pb.go:61.41,63.34 2 0
demo-company/proto/models/company/company.pb.go:66.3,66.12 1 0
demo-company/proto/models/company/company.pb.go:63.34,65.4 1 0
demo-company/proto/models/company/company.pb.go:72.51,74.2 1 0
demo-company/proto/models/company/company.pb.go:76.39,77.14 1 0
demo-company/proto/models/company/company.pb.go:80.2,80.11 1 0
demo-company/proto/models/company/company.pb.go:77.14,79.3 1 0
demo-company/proto/models/company/company.pb.go:83.41,84.14 1 0
demo-company/proto/models/company/company.pb.go:87.2,87.11 1 0
demo-company/proto/models/company/company.pb.go:84.14,86.3 1 0
demo-company/proto/models/company/company.pb.go:90.53,91.14 1 0
demo-company/proto/models/company/company.pb.go:94.2,94.10 1 0
demo-company/proto/models/company/company.pb.go:91.14,93.3 1 0
demo-company/proto/models/company/company.pb.go:97.52,98.14 1 0
demo-company/proto/models/company/company.pb.go:101.2,101.10 1 0
demo-company/proto/models/company/company.pb.go:98.14,100.3 1 0
demo-company/proto/models/company/company.pb.go:104.50,105.14 1 0
demo-company/proto/models/company/company.pb.go:108.2,108.10 1 0
demo-company/proto/models/company/company.pb.go:105.14,107.3 1 0
demo-company/proto/models/company/company.pb.go:119.46,121.29 2 0
demo-company/proto/models/company/company.pb.go:121.29,125.3 3 0
demo-company/proto/models/company/company.pb.go:128.54,130.2 1 0
demo-company/proto/models/company/company.pb.go:132.52,132.53 0 0
demo-company/proto/models/company/company.pb.go:134.74,136.41 2 0
demo-company/proto/models/company/company.pb.go:143.2,143.24 1 0
demo-company/proto/models/company/company.pb.go:136.41,138.34 2 0
demo-company/proto/models/company/company.pb.go:141.3,141.12 1 0
demo-company/proto/models/company/company.pb.go:138.34,140.4 1 0
demo-company/proto/models/company/company.pb.go:147.65,149.2 1 0
demo-company/proto/models/company/company.pb.go:151.60,152.14 1 0
demo-company/proto/models/company/company.pb.go:155.2,155.11 1 0
demo-company/proto/models/company/company.pb.go:152.14,154.3 1 0
demo-company/proto/models/company/company.pb.go:166.47,168.29 2 0
demo-company/proto/models/company/company.pb.go:168.29,172.3 3 0
demo-company/proto/models/company/company.pb.go:175.55,177.2 1 0
demo-company/proto/models/company/company.pb.go:179.53,179.54 0 0
demo-company/proto/models/company/company.pb.go:181.75,183.41 2 0
demo-company/proto/models/company/company.pb.go:190.2,190.24 1 0
demo-company/proto/models/company/company.pb.go:183.41,185.34 2 0
demo-company/proto/models/company/company.pb.go:188.3,188.12 1 0
demo-company/proto/models/company/company.pb.go:185.34,187.4 1 0
demo-company/proto/models/company/company.pb.go:194.66,196.2 1 0
demo-company/proto/models/company/company.pb.go:198.71,199.14 1 0
demo-company/proto/models/company/company.pb.go:202.2,202.12 1 0
demo-company/proto/models/company/company.pb.go:199.14,201.3 1 0
demo-company/proto/models/company/company.pb.go:216.31,218.29 2 0
demo-company/proto/models/company/company.pb.go:218.29,222.3 3 0
demo-company/proto/models/company/company.pb.go:225.39,227.2 1 0
demo-company/proto/models/company/company.pb.go:229.37,229.38 0 0
demo-company/proto/models/company/company.pb.go:231.59,233.41 2 0
demo-company/proto/models/company/company.pb.go:240.2,240.24 1 0
demo-company/proto/models/company/company.pb.go:233.41,235.34 2 0
demo-company/proto/models/company/company.pb.go:238.3,238.12 1 0
demo-company/proto/models/company/company.pb.go:235.34,237.4 1 0
demo-company/proto/models/company/company.pb.go:244.50,246.2 1 0
demo-company/proto/models/company/company.pb.go:248.38,249.14 1 0
demo-company/proto/models/company/company.pb.go:252.2,252.11 1 0
demo-company/proto/models/company/company.pb.go:249.14,251.3 1 0
demo-company/proto/models/company/company.pb.go:255.40,256.14 1 0
demo-company/proto/models/company/company.pb.go:259.2,259.11 1 0
demo-company/proto/models/company/company.pb.go:256.14,258.3 1 0
demo-company/proto/models/company/company.pb.go:262.51,263.14 1 0
demo-company/proto/models/company/company.pb.go:266.2,266.10 1 0
demo-company/proto/models/company/company.pb.go:263.14,265.3 1 0
demo-company/proto/models/company/company.pb.go:269.49,270.14 1 0
demo-company/proto/models/company/company.pb.go:273.2,273.10 1 0
demo-company/proto/models/company/company.pb.go:270.14,272.3 1 0
demo-company/proto/models/company/company.pb.go:284.45,286.29 2 0
demo-company/proto/models/company/company.pb.go:286.29,290.3 3 0
demo-company/proto/models/company/company.pb.go:293.53,295.2 1 0
demo-company/proto/models/company/company.pb.go:297.51,297.52 0 0
demo-company/proto/models/company/company.pb.go:299.73,301.41 2 0
demo-company/proto/models/company/company.pb.go:308.2,308.24 1 0
demo-company/proto/models/company/company.pb.go:301.41,303.34 2 0
demo-company/proto/models/company/company.pb.go:306.3,306.12 1 0
demo-company/proto/models/company/company.pb.go:303.34,305.4 1 0
demo-company/proto/models/company/company.pb.go:312.64,314.2 1 0
demo-company/proto/models/company/company.pb.go:316.58,317.14 1 0
demo-company/proto/models/company/company.pb.go:320.2,320.11 1 0
demo-company/proto/models/company/company.pb.go:317.14,319.3 1 0
demo-company/proto/models/company/company.pb.go:331.46,333.29 2 0
demo-company/proto/models/company/company.pb.go:333.29,337.3 3 0
demo-company/proto/models/company/company.pb.go:340.54,342.2 1 0
demo-company/proto/models/company/company.pb.go:344.52,344.53 0 0
demo-company/proto/models/company/company.pb.go:346.74,348.41 2 0
demo-company/proto/models/company/company.pb.go:355.2,355.24 1 0
demo-company/proto/models/company/company.pb.go:348.41,350.34 2 0
demo-company/proto/models/company/company.pb.go:353.3,353.12 1 0
demo-company/proto/models/company/company.pb.go:350.34,352.4 1 0
demo-company/proto/models/company/company.pb.go:359.65,361.2 1 0
demo-company/proto/models/company/company.pb.go:363.68,364.14 1 0
demo-company/proto/models/company/company.pb.go:367.2,367.12 1 0
demo-company/proto/models/company/company.pb.go:364.14,366.3 1 0
demo-company/proto/models/company/company.pb.go:380.49,382.29 2 0
demo-company/proto/models/company/company.pb.go:382.29,386.3 3 0
demo-company/proto/models/company/company.pb.go:389.57,391.2 1 0
demo-company/proto/models/company/company.pb.go:393.55,393.56 0 0
demo-company/proto/models/company/company.pb.go:395.77,397.41 2 0
demo-company/proto/models/company/company.pb.go:404.2,404.24 1 0
demo-company/proto/models/company/company.pb.go:397.41,399.34 2 0
demo-company/proto/models/company/company.pb.go:402.3,402.12 1 0
demo-company/proto/models/company/company.pb.go:399.34,401.4 1 0
demo-company/proto/models/company/company.pb.go:408.68,410.2 1 0
demo-company/proto/models/company/company.pb.go:412.56,413.14 1 0
demo-company/proto/models/company/company.pb.go:416.2,416.11 1 0
demo-company/proto/models/company/company.pb.go:413.14,415.3 1 0
demo-company/proto/models/company/company.pb.go:419.69,420.14 1 0
demo-company/proto/models/company/company.pb.go:423.2,423.10 1 0
demo-company/proto/models/company/company.pb.go:420.14,422.3 1 0
demo-company/proto/models/company/company.pb.go:426.67,427.14 1 0
demo-company/proto/models/company/company.pb.go:430.2,430.10 1 0
demo-company/proto/models/company/company.pb.go:427.14,429.3 1 0
demo-company/proto/models/company/company.pb.go:439.50,441.29 2 0
demo-company/proto/models/company/company.pb.go:441.29,445.3 3 0
demo-company/proto/models/company/company.pb.go:448.58,450.2 1 0
demo-company/proto/models/company/company.pb.go:452.56,452.57 0 0
demo-company/proto/models/company/company.pb.go:454.78,456.41 2 0
demo-company/proto/models/company/company.pb.go:463.2,463.24 1 0
demo-company/proto/models/company/company.pb.go:456.41,458.34 2 0
demo-company/proto/models/company/company.pb.go:461.3,461.12 1 0
demo-company/proto/models/company/company.pb.go:458.34,460.4 1 0
demo-company/proto/models/company/company.pb.go:467.69,469.2 1 0
demo-company/proto/models/company/company.pb.go:481.48,483.29 2 0
demo-company/proto/models/company/company.pb.go:483.29,487.3 3 0
demo-company/proto/models/company/company.pb.go:490.56,492.2 1 0
demo-company/proto/models/company/company.pb.go:494.54,494.55 0 0
demo-company/proto/models/company/company.pb.go:496.76,498.41 2 0
demo-company/proto/models/company/company.pb.go:505.2,505.24 1 0
demo-company/proto/models/company/company.pb.go:498.41,500.34 2 0
demo-company/proto/models/company/company.pb.go:503.3,503.12 1 0
demo-company/proto/models/company/company.pb.go:500.34,502.4 1 0
demo-company/proto/models/company/company.pb.go:509.67,511.2 1 0
demo-company/proto/models/company/company.pb.go:513.55,514.14 1 0
demo-company/proto/models/company/company.pb.go:517.2,517.11 1 0
demo-company/proto/models/company/company.pb.go:514.14,516.3 1 0
demo-company/proto/models/company/company.pb.go:520.68,521.14 1 0
demo-company/proto/models/company/company.pb.go:524.2,524.10 1 0
demo-company/proto/models/company/company.pb.go:521.14,523.3 1 0
demo-company/proto/models/company/company.pb.go:527.66,528.14 1 0
demo-company/proto/models/company/company.pb.go:531.2,531.10 1 0
demo-company/proto/models/company/company.pb.go:528.14,530.3 1 0
demo-company/proto/models/company/company.pb.go:540.49,542.29 2 0
demo-company/proto/models/company/company.pb.go:542.29,546.3 3 0
demo-company/proto/models/company/company.pb.go:549.57,551.2 1 0
demo-company/proto/models/company/company.pb.go:553.55,553.56 0 0
demo-company/proto/models/company/company.pb.go:555.77,557.41 2 0
demo-company/proto/models/company/company.pb.go:564.2,564.24 1 0
demo-company/proto/models/company/company.pb.go:557.41,559.34 2 0
demo-company/proto/models/company/company.pb.go:562.3,562.12 1 0
demo-company/proto/models/company/company.pb.go:559.34,561.4 1 0
demo-company/proto/models/company/company.pb.go:568.68,570.2 1 0
demo-company/proto/models/company/company.pb.go:672.60,673.57 1 0
demo-company/proto/models/company/company.pb.go:676.2,676.53 1 0
demo-company/proto/models/company/company.pb.go:673.57,675.3 1 0
demo-company/proto/models/company/company.pb.go:710.13,710.56 1 1
demo-company/proto/models/company/company.pb.go:711.46,712.45 1 1
demo-company/proto/models/company/company.pb.go:715.2,715.30 1 1
demo-company/proto/models/company/company.pb.go:837.2,854.48 6 1
demo-company/proto/models/company/company.pb.go:712.45,714.3 1 0
demo-company/proto/models/company/company.pb.go:715.30,716.98 1 0
demo-company/proto/models/company/company.pb.go:728.3,728.98 1 0
demo-company/proto/models/company/company.pb.go:740.3,740.98 1 0
demo-company/proto/models/company/company.pb.go:752.3,752.98 1 0
demo-company/proto/models/company/company.pb.go:764.3,764.98 1 0
demo-company/proto/models/company/company.pb.go:776.3,776.98 1 0
demo-company/proto/models/company/company.pb.go:788.3,788.98 1 0
demo-company/proto/models/company/company.pb.go:800.3,800.98 1 0
demo-company/proto/models/company/company.pb.go:812.3,812.98 1 0
demo-company/proto/models/company/company.pb.go:824.3,824.98 1 0
demo-company/proto/models/company/company.pb.go:716.98,717.37 1 0
demo-company/proto/models/company/company.pb.go:718.11,719.20 1 0
demo-company/proto/models/company/company.pb.go:720.11,721.24 1 0
demo-company/proto/models/company/company.pb.go:722.11,723.28 1 0
demo-company/proto/models/company/company.pb.go:724.12,725.15 1 0
demo-company/proto/models/company/company.pb.go:728.98,729.51 1 0
demo-company/proto/models/company/company.pb.go:730.11,731.20 1 0
demo-company/proto/models/company/company.pb.go:732.11,733.24 1 0
demo-company/proto/models/company/company.pb.go:734.11,735.28 1 0
demo-company/proto/models/company/company.pb.go:736.12,737.15 1 0
demo-company/proto/models/company/company.pb.go:740.98,741.52 1 0
demo-company/proto/models/company/company.pb.go:742.11,743.20 1 0
demo-company/proto/models/company/company.pb.go:744.11,745.24 1 0
demo-company/proto/models/company/company.pb.go:746.11,747.28 1 0
demo-company/proto/models/company/company.pb.go:748.12,749.15 1 0
demo-company/proto/models/company/company.pb.go:752.98,753.36 1 0
demo-company/proto/models/company/company.pb.go:754.11,755.20 1 0
demo-company/proto/models/company/company.pb.go:756.11,757.24 1 0
demo-company/proto/models/company/company.pb.go:758.11,759.28 1 0
demo-company/proto/models/company/company.pb.go:760.12,761.15 1 0
demo-company/proto/models/company/company.pb.go:764.98,765.50 1 0
demo-company/proto/models/company/company.pb.go:766.11,767.20 1 0
demo-company/proto/models/company/company.pb.go:768.11,769.24 1 0
demo-company/proto/models/company/company.pb.go:770.11,771.28 1 0
demo-company/proto/models/company/company.pb.go:772.12,773.15 1 0
demo-company/proto/models/company/company.pb.go:776.98,777.51 1 0
demo-company/proto/models/company/company.pb.go:778.11,779.20 1 0
demo-company/proto/models/company/company.pb.go:780.11,781.24 1 0
demo-company/proto/models/company/company.pb.go:782.11,783.28 1 0
demo-company/proto/models/company/company.pb.go:784.12,785.15 1 0
demo-company/proto/models/company/company.pb.go:788.98,789.54 1 0
demo-company/proto/models/company/company.pb.go:790.11,791.20 1 0
demo-company/proto/models/company/company.pb.go:792.11,793.24 1 0
demo-company/proto/models/company/company.pb.go:794.11,795.28 1 0
demo-company/proto/models/company/company.pb.go:796.12,797.15 1 0
demo-company/proto/models/company/company.pb.go:800.98,801.55 1 0
demo-company/proto/models/company/company.pb.go:802.11,803.20 1 0
demo-company/proto/models/company/company.pb.go:804.11,805.24 1 0
demo-company/proto/models/company/company.pb.go:806.11,807.28 1 0
demo-company/proto/models/company/company.pb.go:808.12,809.15 1 0
demo-company/proto/models/company/company.pb.go:812.98,813.53 1 0
demo-company/proto/models/company/company.pb.go:814.11,815.20 1 0
demo-company/proto/models/company/company.pb.go:816.11,817.24 1 0
demo-company/proto/models/company/company.pb.go:818.11,819.28 1 0
demo-company/proto/models/company/company.pb.go:820.12,821.15 1 0
demo-company/proto/models/company/company.pb.go:824.98,825.54 1 0
demo-company/proto/models/company/company.pb.go:826.11,827.20 1 0
demo-company/proto/models/company/company.pb.go:828.11,829.24 1 0
demo-company/proto/models/company/company.pb.go:830.11,831.28 1 0
demo-company/proto/models/company/company.pb.go:832.12,833.15 1 0
demo-company/proto/models/company/company.pb.go:879.80,881.2 1 0
demo-company/proto/models/company/company.pb.go:883.168,886.16 3 0
demo-company/proto/models/company/company.pb.go:889.2,889.17 1 0
demo-company/proto/models/company/company.pb.go:886.16,888.3 1 0
demo-company/proto/models/company/company.pb.go:892.165,895.16 3 0
demo-company/proto/models/company/company.pb.go:898.2,898.17 1 0
demo-company/proto/models/company/company.pb.go:895.16,897.3 1 0
demo-company/proto/models/company/company.pb.go:901.177,904.16 3 0
demo-company/proto/models/company/company.pb.go:907.2,907.17 1 0
demo-company/proto/models/company/company.pb.go:904.16,906.3 1 0
demo-company/proto/models/company/company.pb.go:910.174,913.16 3 0
demo-company/proto/models/company/company.pb.go:916.2,916.17 1 0
demo-company/proto/models/company/company.pb.go:913.16,915.3 1 0
demo-company/proto/models/company/company.pb.go:931.147,933.2 1 0
demo-company/proto/models/company/company.pb.go:934.144,936.2 1 0
demo-company/proto/models/company/company.pb.go:937.156,939.2 1 0
demo-company/proto/models/company/company.pb.go:940.153,942.2 1 0
demo-company/proto/models/company/company.pb.go:944.77,946.2 1 0
demo-company/proto/models/company/company.pb.go:948.179,950.32 2 0
demo-company/proto/models/company/company.pb.go:953.2,953.24 1 0
demo-company/proto/models/company/company.pb.go:956.2,960.77 2 0
demo-company/proto/models/company/company.pb.go:963.2,963.44 1 0
demo-company/proto/models/company/company.pb.go:950.32,952.3 1 0
demo-company/proto/models/company/company.pb.go:953.24,955.3 1 0
demo-company/proto/models/company/company.pb.go:960.77,962.3 1 0
demo-company/proto/models/company/company.pb.go:966.178,968.32 2 0
demo-company/proto/models/company/company.pb.go:971.2,971.24 1 0
demo-company/proto/models/company/company.pb.go:974.2,978.77 2 0
demo-company/proto/models/company/company.pb.go:981.2,981.44 1 0
demo-company/proto/models/company/company.pb.go:968.32,970.3 1 0
demo-company/proto/models/company/company.pb.go:971.24,973.3 1 0
demo-company/proto/models/company/company.pb.go:978.77,980.3 1 0
demo-company/proto/models/company/company.pb.go:984.182,986.32 2 0
demo-company/proto/models/company/company.pb.go:989.2,989.24 1 0
demo-company/proto/models/company/company.pb.go:992.2,996.77 2 0
demo-company/proto/models/company/company.pb.go:999.2,999.44 1 0
demo-company/proto/models/company/company.pb.go:986.32,988.3 1 0
demo-company/proto/models/company/company.pb.go:989.24,991.3 1 0
demo-company/proto/models/company/company.pb.go:996.77,998.3 1 0
demo-company/proto/models/company/company.pb.go:1002.181,1004.32 2 0
demo-company/proto/models/company/company.pb.go:1007.2,1007.24 1 0
demo-company/proto/models/company/company.pb.go:1010.2,1014.77 2 0
demo-company/proto/models/company/company.pb.go:1017.2,1017.44 1 0
demo-company/proto/models/company/company.pb.go:1004.32,1006.3 1 0
demo-company/proto/models/company/company.pb.go:1007.24,1009.3 1 0
demo-company/proto/models/company/company.pb.go:1014.77,1016.3 1 0
demo-company/apptest/init.go:15.30,33.2 8 1
demo-company/modules/database/database.go:20.16,25.16 3 1
demo-company/modules/database/database.go:31.2,35.61 3 1
demo-company/modules/database/database.go:25.16,28.3 2 0
demo-company/modules/database/database.go:39.32,41.2 1 1
demo-company/modules/database/database.go:44.37,46.2 1 1
demo-company/dao/branch.go:14.69,23.2 3 1
demo-company/dao/branch.go:26.71,37.2 3 0
demo-company/dao/branch.go:40.69,49.2 3 0
demo-company/main.go:16.13,20.2 3 1
demo-company/main.go:22.13,44.12 7 0
demo-company/main.go:49.2,49.52 1 0
demo-company/main.go:44.12,46.3 1 0
demo-company/util/test_helper.go:29.48,32.2 2 1
demo-company/util/test_helper.go:35.22,45.2 4 1
demo-company/util/test_helper.go:48.39,56.16 3 1
demo-company/util/test_helper.go:59.2,59.24 1 1
demo-company/util/test_helper.go:56.16,58.3 1 0
demo-company/proto/models/transaction/transaction.pb.go:48.37,50.29 2 0
demo-company/proto/models/transaction/transaction.pb.go:50.29,54.3 3 0
demo-company/proto/models/transaction/transaction.pb.go:57.45,59.2 1 0
demo-company/proto/models/transaction/transaction.pb.go:61.43,61.44 0 0
demo-company/proto/models/transaction/transaction.pb.go:63.65,65.41 2 0
demo-company/proto/models/transaction/transaction.pb.go:72.2,72.24 1 0
demo-company/proto/models/transaction/transaction.pb.go:65.41,67.34 2 0
demo-company/proto/models/transaction/transaction.pb.go:70.3,70.12 1 0
demo-company/proto/models/transaction/transaction.pb.go:67.34,69.4 1 0
demo-company/proto/models/transaction/transaction.pb.go:76.56,78.2 1 0
demo-company/proto/models/transaction/transaction.pb.go:80.44,81.14 1 0
demo-company/proto/models/transaction/transaction.pb.go:84.2,84.11 1 0
demo-company/proto/models/transaction/transaction.pb.go:81.14,83.3 1 0
demo-company/proto/models/transaction/transaction.pb.go:87.51,88.14 1 0
demo-company/proto/models/transaction/transaction.pb.go:91.2,91.11 1 0
demo-company/proto/models/transaction/transaction.pb.go:88.14,90.3 1 0
demo-company/proto/models/transaction/transaction.pb.go:94.50,95.14 1 0
demo-company/proto/models/transaction/transaction.pb.go:98.2,98.11 1 0
demo-company/proto/models/transaction/transaction.pb.go:95.14,97.3 1 0
demo-company/proto/models/transaction/transaction.pb.go:101.48,102.14 1 0
demo-company/proto/models/transaction/transaction.pb.go:105.2,105.11 1 0
demo-company/proto/models/transaction/transaction.pb.go:102.14,104.3 1 0
demo-company/proto/models/transaction/transaction.pb.go:108.49,109.14 1 0
demo-company/proto/models/transaction/transaction.pb.go:112.2,112.10 1 0
demo-company/proto/models/transaction/transaction.pb.go:109.14,111.3 1 0
demo-company/proto/models/transaction/transaction.pb.go:115.53,116.14 1 0
demo-company/proto/models/transaction/transaction.pb.go:119.2,119.10 1 0
demo-company/proto/models/transaction/transaction.pb.go:116.14,118.3 1 0
demo-company/proto/models/transaction/transaction.pb.go:122.65,123.14 1 0
demo-company/proto/models/transaction/transaction.pb.go:126.2,126.10 1 0
demo-company/proto/models/transaction/transaction.pb.go:123.14,125.3 1 0
demo-company/proto/models/transaction/transaction.pb.go:129.65,130.14 1 0
demo-company/proto/models/transaction/transaction.pb.go:133.2,133.12 1 0
demo-company/proto/models/transaction/transaction.pb.go:130.14,132.3 1 0
demo-company/proto/models/transaction/transaction.pb.go:144.55,146.29 2 0
demo-company/proto/models/transaction/transaction.pb.go:146.29,150.3 3 0
demo-company/proto/models/transaction/transaction.pb.go:153.63,155.2 1 0
demo-company/proto/models/transaction/transaction.pb.go:157.61,157.62 0 0
demo-company/proto/models/transaction/transaction.pb.go:159.83,161.41 2 0
demo-company/proto/models/transaction/transaction.pb.go:168.2,168.24 1 0
demo-company/proto/models/transaction/transaction.pb.go:161.41,163.34 2 0
demo-company/proto/models/transaction/transaction.pb.go:166.3,166.12 1 0
demo-company/proto/models/transaction/transaction.pb.go:163.34,165.4 1 0
demo-company/proto/models/transaction/transaction.pb.go:172.74,174.2 1 0
demo-company/proto/models/transaction/transaction.pb.go:176.66,177.14 1 0
demo-company/proto/models/transaction/transaction.pb.go:180.2,180.11 1 0
demo-company/proto/models/transaction/transaction.pb.go:177.14,179.3 1 0
demo-company/proto/models/transaction/transaction.pb.go:191.56,193.29 2 0
demo-company/proto/models/transaction/transaction.pb.go:193.29,197.3 3 0
demo-company/proto/models/transaction/transaction.pb.go:200.64,202.2 1 0
demo-company/proto/models/transaction/transaction.pb.go:204.62,204.63 0 0
demo-company/proto/models/transaction/transaction.pb.go:206.84,208.41 2 0
demo-company/proto/models/transaction/transaction.pb.go:215.2,215.24 1 0
demo-company/proto/models/transaction/transaction.pb.go:208.41,210.34 2 0
demo-company/proto/models/transaction/transaction.pb.go:213.3,213.12 1 0
demo-company/proto/models/transaction/transaction.pb.go:210.34,212.4 1 0
demo-company/proto/models/transaction/transaction.pb.go:219.75,221.2 1 0
demo-company/proto/models/transaction/transaction.pb.go:223.92,224.14 1 0
demo-company/proto/models/transaction/transaction.pb.go:227.2,227.12 1 0
demo-company/proto/models/transaction/transaction.pb.go:224.14,226.3 1 0
demo-company/proto/models/transaction/transaction.pb.go:238.58,240.29 2 0
demo-company/proto/models/transaction/transaction.pb.go:240.29,244.3 3 0
demo-company/proto/models/transaction/transaction.pb.go:247.66,249.2 1 0
demo-company/proto/models/transaction/transaction.pb.go:251.64,251.65 0 0
demo-company/proto/models/transaction/transaction.pb.go:253.86,255.41 2 0
demo-company/proto/models/transaction/transaction.pb.go:262.2,262.24 1 0
demo-company/proto/models/transaction/transaction.pb.go:255.41,257.34 2 0
demo-company/proto/models/transaction/transaction.pb.go:260.3,260.12 1 0
demo-company/proto/models/transaction/transaction.pb.go:257.34,259.4 1 0
demo-company/proto/models/transaction/transaction.pb.go:266.77,268.2 1 0
demo-company/proto/models/transaction/transaction.pb.go:270.72,271.14 1 0
demo-company/proto/models/transaction/transaction.pb.go:274.2,274.11 1 0
demo-company/proto/models/transaction/transaction.pb.go:271.14,273.3 1 0
demo-company/proto/models/transaction/transaction.pb.go:285.59,287.29 2 0
demo-company/proto/models/transaction/transaction.pb.go:287.29,291.3 3 0
demo-company/proto/models/transaction/transaction.pb.go:294.67,296.2 1 0
demo-company/proto/models/transaction/transaction.pb.go:298.65,298.66 0 0
demo-company/proto/models/transaction/transaction.pb.go:300.87,302.41 2 0
demo-company/proto/models/transaction/transaction.pb.go:309.2,309.24 1 0
demo-company/proto/models/transaction/transaction.pb.go:302.41,304.34 2 0
demo-company/proto/models/transaction/transaction.pb.go:307.3,307.12 1 0
demo-company/proto/models/transaction/transaction.pb.go:304.34,306.4 1 0
demo-company/proto/models/transaction/transaction.pb.go:313.78,315.2 1 0
demo-company/proto/models/transaction/transaction.pb.go:317.95,318.14 1 0
demo-company/proto/models/transaction/transaction.pb.go:321.2,321.12 1 0
demo-company/proto/models/transaction/transaction.pb.go:318.14,320.3 1 0
demo-company/proto/models/transaction/transaction.pb.go:403.68,404.65 1 0
demo-company/proto/models/transaction/transaction.pb.go:407.2,407.61 1 0
demo-company/proto/models/transaction/transaction.pb.go:404.65,406.3 1 0
demo-company/proto/models/transaction/transaction.pb.go:434.13,434.64 1 1
demo-company/proto/models/transaction/transaction.pb.go:435.54,436.53 1 1
demo-company/proto/models/transaction/transaction.pb.go:439.2,439.30 1 1
demo-company/proto/models/transaction/transaction.pb.go:501.2,518.56 6 1
demo-company/proto/models/transaction/transaction.pb.go:436.53,438.3 1 0
demo-company/proto/models/transaction/transaction.pb.go:439.30,440.106 1 0
demo-company/proto/models/transaction/transaction.pb.go:452.3,452.106 1 0
demo-company/proto/models/transaction/transaction.pb.go:464.3,464.106 1 0
demo-company/proto/models/transaction/transaction.pb.go:476.3,476.106 1 0
demo-company/proto/models/transaction/transaction.pb.go:488.3,488.106 1 0
demo-company/proto/models/transaction/transaction.pb.go:440.106,441.42 1 0
demo-company/proto/models/transaction/transaction.pb.go:442.11,443.20 1 0
demo-company/proto/models/transaction/transaction.pb.go:444.11,445.24 1 0
demo-company/proto/models/transaction/transaction.pb.go:446.11,447.28 1 0
demo-company/proto/models/transaction/transaction.pb.go:448.12,449.15 1 0
demo-company/proto/models/transaction/transaction.pb.go:452.106,453.60 1 0
demo-company/proto/models/transaction/transaction.pb.go:454.11,455.20 1 0
demo-company/proto/models/transaction/transaction.pb.go:456.11,457.24 1 0
demo-company/proto/models/transaction/transaction.pb.go:458.11,459.28 1 0
demo-company/proto/models/transaction/transaction.pb.go:460.12,461.15 1 0
demo-company/proto/models/transaction/transaction.pb.go:464.106,465.61 1 0
demo-company/proto/models/transaction/transaction.pb.go:466.11,467.20 1 0
demo-company/proto/models/transaction/transaction.pb.go:468.11,469.24 1 0
demo-company/proto/models/transaction/transaction.pb.go:470.11,471.28 1 0
demo-company/proto/models/transaction/transaction.pb.go:472.12,473.15 1 0
demo-company/proto/models/transaction/transaction.pb.go:476.106,477.63 1 0
demo-company/proto/models/transaction/transaction.pb.go:478.11,479.20 1 0
demo-company/proto/models/transaction/transaction.pb.go:480.11,481.24 1 0
demo-company/proto/models/transaction/transaction.pb.go:482.11,483.28 1 0
demo-company/proto/models/transaction/transaction.pb.go:484.12,485.15 1 0
demo-company/proto/models/transaction/transaction.pb.go:488.106,489.64 1 0
demo-company/proto/models/transaction/transaction.pb.go:490.11,491.20 1 0
demo-company/proto/models/transaction/transaction.pb.go:492.11,493.24 1 0
demo-company/proto/models/transaction/transaction.pb.go:494.11,495.28 1 0
demo-company/proto/models/transaction/transaction.pb.go:496.12,497.15 1 0
demo-company/proto/models/transaction/transaction.pb.go:541.88,543.2 1 1
demo-company/proto/models/transaction/transaction.pb.go:545.199,548.16 3 0
demo-company/proto/models/transaction/transaction.pb.go:551.2,551.17 1 0
demo-company/proto/models/transaction/transaction.pb.go:548.16,550.3 1 0
demo-company/proto/models/transaction/transaction.pb.go:554.208,557.16 3 1
demo-company/proto/models/transaction/transaction.pb.go:560.2,560.17 1 0
demo-company/proto/models/transaction/transaction.pb.go:557.16,559.3 1 1
demo-company/proto/models/transaction/transaction.pb.go:573.178,575.2 1 0
demo-company/proto/models/transaction/transaction.pb.go:576.187,578.2 1 0
demo-company/proto/models/transaction/transaction.pb.go:580.85,582.2 1 0
demo-company/proto/models/transaction/transaction.pb.go:584.192,586.32 2 0
demo-company/proto/models/transaction/transaction.pb.go:589.2,589.24 1 0
demo-company/proto/models/transaction/transaction.pb.go:592.2,596.77 2 0
demo-company/proto/models/transaction/transaction.pb.go:599.2,599.44 1 0
demo-company/proto/models/transaction/transaction.pb.go:586.32,588.3 1 0
demo-company/proto/models/transaction/transaction.pb.go:589.24,591.3 1 0
demo-company/proto/models/transaction/transaction.pb.go:596.77,598.3 1 0
demo-company/proto/models/transaction/transaction.pb.go:602.195,604.32 2 0
demo-company/proto/models/transaction/transaction.pb.go:607.2,607.24 1 0
demo-company/proto/models/transaction/transaction.pb.go:610.2,614.77 2 0
demo-company/proto/models/transaction/transaction.pb.go:617.2,617.44 1 0
demo-company/proto/models/transaction/transaction.pb.go:604.32,606.3 1 0
demo-company/proto/models/transaction/transaction.pb.go:607.24,609.3 1 0
demo-company/proto/models/transaction/transaction.pb.go:614.77,616.3 1 0
demo-company/grpc/transaction/client.go:13.80,19.16 4 1
demo-company/grpc/transaction/client.go:24.2,25.27 2 1
demo-company/grpc/transaction/client.go:19.16,21.3 1 0
demo-company/models/company_api.go:19.54,24.2 1 1
demo-company/models/company_api.go:27.65,35.2 2 1
demo-company/validations/company.go:11.60,12.36 1 1
demo-company/validations/company.go:12.36,22.17 4 1
demo-company/validations/company.go:26.3,27.17 2 1
demo-company/validations/company.go:22.17,24.4 1 1
demo-company/validations/company.go:32.64,33.36 1 1
demo-company/validations/company.go:33.36,42.17 3 1
demo-company/validations/company.go:46.3,47.17 2 1
demo-company/validations/company.go:42.17,44.4 1 1
demo-company/models/branch_api.go:19.53,24.2 1 1
demo-company/models/branch_api.go:27.63,35.2 2 1
demo-company/services/branch.go:11.82,20.16 3 1
demo-company/services/branch.go:24.2,24.17 1 1
demo-company/services/branch.go:20.16,23.3 2 0
demo-company/validations/branch.go:12.59,13.36 1 1
demo-company/validations/branch.go:13.36,23.17 4 1
demo-company/validations/branch.go:27.3,30.17 2 1
demo-company/validations/branch.go:35.3,38.26 2 1
demo-company/validations/branch.go:42.3,44.17 3 1
demo-company/validations/branch.go:23.17,25.4 1 1
demo-company/validations/branch.go:30.17,32.4 1 0
demo-company/validations/branch.go:38.26,40.4 1 0
demo-company/proto/models/user/user.pb.go:43.29,45.29 2 0
demo-company/proto/models/user/user.pb.go:45.29,49.3 3 0
demo-company/proto/models/user/user.pb.go:52.37,54.2 1 0
demo-company/proto/models/user/user.pb.go:56.35,56.36 0 0
demo-company/proto/models/user/user.pb.go:58.57,60.41 2 0
demo-company/proto/models/user/user.pb.go:67.2,67.24 1 0
demo-company/proto/models/user/user.pb.go:60.41,62.34 2 0
demo-company/proto/models/user/user.pb.go:65.3,65.12 1 0
demo-company/proto/models/user/user.pb.go:62.34,64.4 1 0
demo-company/proto/models/user/user.pb.go:71.48,73.2 1 0
demo-company/proto/models/user/user.pb.go:75.36,76.14 1 0
demo-company/proto/models/user/user.pb.go:79.2,79.11 1 0
demo-company/proto/models/user/user.pb.go:76.14,78.3 1 0
demo-company/proto/models/user/user.pb.go:82.38,83.14 1 0
demo-company/proto/models/user/user.pb.go:86.2,86.11 1 0
demo-company/proto/models/user/user.pb.go:83.14,85.3 1 0
demo-company/proto/models/user/user.pb.go:89.49,90.14 1 0
demo-company/proto/models/user/user.pb.go:93.2,93.10 1 0
demo-company/proto/models/user/user.pb.go:90.14,92.3 1 0
demo-company/proto/models/user/user.pb.go:96.50,97.14 1 0
demo-company/proto/models/user/user.pb.go:100.2,100.10 1 0
demo-company/proto/models/user/user.pb.go:97.14,99.3 1 0
demo-company/proto/models/user/user.pb.go:111.43,113.29 2 0
demo-company/proto/models/user/user.pb.go:113.29,117.3 3 0
demo-company/proto/models/user/user.pb.go:120.51,122.2 1 0
demo-company/proto/models/user/user.pb.go:124.49,124.50 0 0
demo-company/proto/models/user/user.pb.go:126.71,128.41 2 0
demo-company/proto/models/user/user.pb.go:135.2,135.24 1 0
demo-company/proto/models/user/user.pb.go:128.41,130.34 2 0
demo-company/proto/models/user/user.pb.go:133.3,133.12 1 0
demo-company/proto/models/user/user.pb.go:130.34,132.4 1 0
demo-company/proto/models/user/user.pb.go:139.62,141.2 1 0
demo-company/proto/models/user/user.pb.go:143.54,144.14 1 0
demo-company/proto/models/user/user.pb.go:147.2,147.11 1 0
demo-company/proto/models/user/user.pb.go:144.14,146.3 1 0
demo-company/proto/models/user/user.pb.go:158.44,160.29 2 0
demo-company/proto/models/user/user.pb.go:160.29,164.3 3 0
demo-company/proto/models/user/user.pb.go:167.52,169.2 1 0
demo-company/proto/models/user/user.pb.go:171.50,171.51 0 0
demo-company/proto/models/user/user.pb.go:173.72,175.41 2 0
demo-company/proto/models/user/user.pb.go:182.2,182.24 1 0
demo-company/proto/models/user/user.pb.go:175.41,177.34 2 0
demo-company/proto/models/user/user.pb.go:180.3,180.12 1 0
demo-company/proto/models/user/user.pb.go:177.34,179.4 1 0
demo-company/proto/models/user/user.pb.go:186.63,188.2 1 0
demo-company/proto/models/user/user.pb.go:190.62,191.14 1 0
demo-company/proto/models/user/user.pb.go:194.2,194.12 1 0
demo-company/proto/models/user/user.pb.go:191.14,193.3 1 0
demo-company/proto/models/user/user.pb.go:207.46,209.29 2 0
demo-company/proto/models/user/user.pb.go:209.29,213.3 3 0
demo-company/proto/models/user/user.pb.go:216.54,218.2 1 0
demo-company/proto/models/user/user.pb.go:220.52,220.53 0 0
demo-company/proto/models/user/user.pb.go:222.74,224.41 2 0
demo-company/proto/models/user/user.pb.go:231.2,231.24 1 0
demo-company/proto/models/user/user.pb.go:224.41,226.34 2 0
demo-company/proto/models/user/user.pb.go:229.3,229.12 1 0
demo-company/proto/models/user/user.pb.go:226.34,228.4 1 0
demo-company/proto/models/user/user.pb.go:235.65,237.2 1 0
demo-company/proto/models/user/user.pb.go:239.53,240.14 1 0
demo-company/proto/models/user/user.pb.go:243.2,243.11 1 0
demo-company/proto/models/user/user.pb.go:240.14,242.3 1 0
demo-company/proto/models/user/user.pb.go:246.66,247.14 1 0
demo-company/proto/models/user/user.pb.go:250.2,250.10 1 0
demo-company/proto/models/user/user.pb.go:247.14,249.3 1 0
demo-company/proto/models/user/user.pb.go:253.67,254.14 1 0
demo-company/proto/models/user/user.pb.go:257.2,257.10 1 0
demo-company/proto/models/user/user.pb.go:254.14,256.3 1 0
demo-company/proto/models/user/user.pb.go:266.47,268.29 2 0
demo-company/proto/models/user/user.pb.go:268.29,272.3 3 0
demo-company/proto/models/user/user.pb.go:275.55,277.2 1 0
demo-company/proto/models/user/user.pb.go:279.53,279.54 0 0
demo-company/proto/models/user/user.pb.go:281.75,283.41 2 0
demo-company/proto/models/user/user.pb.go:290.2,290.24 1 0
demo-company/proto/models/user/user.pb.go:283.41,285.34 2 0
demo-company/proto/models/user/user.pb.go:288.3,288.12 1 0
demo-company/proto/models/user/user.pb.go:285.34,287.4 1 0
demo-company/proto/models/user/user.pb.go:294.66,296.2 1 0
demo-company/proto/models/user/user.pb.go:351.54,352.51 1 0
demo-company/proto/models/user/user.pb.go:355.2,355.47 1 0
demo-company/proto/models/user/user.pb.go:352.51,354.3 1 0
demo-company/proto/models/user/user.pb.go:379.13,379.50 1 1
demo-company/proto/models/user/user.pb.go:380.40,381.39 1 1
demo-company/proto/models/user/user.pb.go:384.2,384.30 1 1
demo-company/proto/models/user/user.pb.go:446.2,463.42 6 1
demo-company/proto/models/user/user.pb.go:381.39,383.3 1 0
demo-company/proto/models/user/user.pb.go:384.30,385.92 1 0
demo-company/proto/models/user/user.pb.go:397.3,397.92 1 0
demo-company/proto/models/user/user.pb.go:409.3,409.92 1 0
demo-company/proto/models/user/user.pb.go:421.3,421.92 1 0
demo-company/proto/models/user/user.pb.go:433.3,433.92 1 0
demo-company/proto/models/user/user.pb.go:385.92,386.34 1 0
demo-company/proto/models/user/user.pb.go:387.11,388.20 1 0
demo-company/proto/models/user/user.pb.go:389.11,390.24 1 0
demo-company/proto/models/user/user.pb.go:391.11,392.28 1 0
demo-company/proto/models/user/user.pb.go:393.12,394.15 1 0
demo-company/proto/models/user/user.pb.go:397.92,398.48 1 0
demo-company/proto/models/user/user.pb.go:399.11,400.20 1 0
demo-company/proto/models/user/user.pb.go:401.11,402.24 1 0
demo-company/proto/models/user/user.pb.go:403.11,404.28 1 0
demo-company/proto/models/user/user.pb.go:405.12,406.15 1 0
demo-company/proto/models/user/user.pb.go:409.92,410.49 1 0
demo-company/proto/models/user/user.pb.go:411.11,412.20 1 0
demo-company/proto/models/user/user.pb.go:413.11,414.24 1 0
demo-company/proto/models/user/user.pb.go:415.11,416.28 1 0
demo-company/proto/models/user/user.pb.go:417.12,418.15 1 0
demo-company/proto/models/user/user.pb.go:421.92,422.51 1 0
demo-company/proto/models/user/user.pb.go:423.11,424.20 1 0
demo-company/proto/models/user/user.pb.go:425.11,426.24 1 0
demo-company/proto/models/user/user.pb.go:427.11,428.28 1 0
demo-company/proto/models/user/user.pb.go:429.12,430.15 1 0
demo-company/proto/models/user/user.pb.go:433.92,434.52 1 0
demo-company/proto/models/user/user.pb.go:435.11,436.20 1 0
demo-company/proto/models/user/user.pb.go:437.11,438.24 1 0
demo-company/proto/models/user/user.pb.go:439.11,440.28 1 0
demo-company/proto/models/user/user.pb.go:441.12,442.15 1 0
demo-company/proto/models/user/user.pb.go:486.74,488.2 1 0
demo-company/proto/models/user/user.pb.go:490.156,493.16 3 0
demo-company/proto/models/user/user.pb.go:496.2,496.17 1 0
demo-company/proto/models/user/user.pb.go:493.16,495.3 1 0
demo-company/proto/models/user/user.pb.go:499.165,502.16 3 0
demo-company/proto/models/user/user.pb.go:505.2,505.17 1 0
demo-company/proto/models/user/user.pb.go:502.16,504.3 1 0
demo-company/proto/models/user/user.pb.go:518.135,520.2 1 0
demo-company/proto/models/user/user.pb.go:521.144,523.2 1 0
demo-company/proto/models/user/user.pb.go:525.71,527.2 1 0
demo-company/proto/models/user/user.pb.go:529.173,531.32 2 0
demo-company/proto/models/user/user.pb.go:534.2,534.24 1 0
demo-company/proto/models/user/user.pb.go:537.2,541.77 2 0
demo-company/proto/models/user/user.pb.go:544.2,544.44 1 0
demo-company/proto/models/user/user.pb.go:531.32,533.3 1 0
demo-company/proto/models/user/user.pb.go:534.24,536.3 1 0
demo-company/proto/models/user/user.pb.go:541.77,543.3 1 0
demo-company/proto/models/user/user.pb.go:547.176,549.32 2 0
demo-company/proto/models/user/user.pb.go:552.2,552.24 1 0
demo-company/proto/models/user/user.pb.go:555.2,559.77 2 0
demo-company/proto/models/user/user.pb.go:562.2,562.44 1 0
demo-company/proto/models/user/user.pb.go:549.32,551.3 1 0
demo-company/proto/models/user/user.pb.go:552.24,554.3 1 0
demo-company/proto/models/user/user.pb.go:559.77,561.3 1 0
demo-company/controllers/company.go:13.42,22.16 3 1
demo-company/controllers/company.go:27.2,30.8 1 1
demo-company/controllers/company.go:22.16,24.3 1 0
demo-company/controllers/company.go:34.55,43.16 3 1
demo-company/controllers/company.go:48.2,48.41 1 0
demo-company/controllers/company.go:43.16,45.3 1 1
demo-company/modules/database/collection.go:13.37,15.2 1 1
demo-company/modules/database/collection.go:18.36,20.2 1 1
demo-company/util/response.go:13.66,18.2 1 1
demo-company/util/response.go:21.74,22.19 1 1
demo-company/util/response.go:25.2,25.63 1 1
demo-company/util/response.go:22.19,24.3 1 1
demo-company/util/response.go:29.74,30.19 1 1
demo-company/util/response.go:33.2,33.71 1 1
demo-company/util/response.go:30.19,32.3 1 0
demo-company/util/response.go:37.74,38.19 1 0
demo-company/util/response.go:41.2,41.69 1 0
demo-company/util/response.go:38.19,40.3 1 0
demo-company/grpc/transaction/request.go:13.109,22.16 6 1
demo-company/grpc/transaction/request.go:28.2,29.8 2 0
demo-company/grpc/transaction/request.go:22.16,25.3 2 1
demo-company/services/company.go:12.85,21.16 3 1
demo-company/services/company.go:25.2,25.17 1 1
demo-company/services/company.go:21.16,24.3 2 0
demo-company/services/company.go:29.87,36.16 3 1
demo-company/services/company.go:40.2,40.20 1 0
demo-company/services/company.go:36.16,39.3 2 1
demo-company/routes/boostrap.go:8.29,11.2 2 1
demo-company/routes/branch.go:11.27,14.2 2 1
demo-company/routes/company.go:11.28,15.2 3 1
demo-company/util/helper.go:12.73,15.2 2 1
demo-company/util/helper.go:18.76,21.2 2 0
demo-company/grpc/transaction/convert.go:12.105,22.26 4 0
demo-company/grpc/transaction/convert.go:35.2,38.41 2 0
demo-company/grpc/transaction/convert.go:42.2,42.15 1 0
demo-company/grpc/transaction/convert.go:22.26,23.22 1 0
demo-company/grpc/transaction/convert.go:23.22,31.4 3 0
demo-company/grpc/transaction/convert.go:38.41,40.3 1 0
demo-company/grpc/transaction/convert.go:45.104,66.2 3 0
demo-company/grpc/node/handler.go:13.83,20.16 3 0
demo-company/grpc/node/handler.go:26.2,33.20 2 0
demo-company/grpc/node/handler.go:20.16,23.3 2 0
demo-company/grpc/node/handler.go:36.80,43.16 3 0
demo-company/grpc/node/handler.go:49.2,55.20 2 0
demo-company/grpc/node/handler.go:43.16,46.3 2 0
demo-company/grpc/node/handler.go:58.105,72.16 5 0
demo-company/grpc/node/handler.go:76.2,76.12 1 0
demo-company/grpc/node/handler.go:72.16,75.3 2 0
demo-company/grpc/node/handler.go:79.103,93.16 5 0
demo-company/grpc/node/handler.go:97.2,97.12 1 0
demo-company/grpc/node/handler.go:93.16,96.3 2 0
demo-company/grpc/node/node.go:18.148,30.2 4 0
demo-company/grpc/node/node.go:33.145,45.2 4 0
demo-company/grpc/node/node.go:48.157,60.2 4 0
demo-company/grpc/node/node.go:63.154,75.2 4 0
demo-company/grpc/node/node.go:78.14,84.16 4 0
demo-company/grpc/node/node.go:89.2,95.16 5 0
demo-company/grpc/node/node.go:84.16,86.3 1 0
demo-company/grpc/node/node.go:95.16,97.3 1 0
